# JRE version: Java(TM) SE Runtime Environment (8.0_201-b09) (build 1.8.0_201-b09)
# Java VM: Java HotSpot(TM) 64-Bit Server VM (25.201-b09 mixed mode linux-amd64 compressed oops)
Heap:
 PSYoungGen      total 132608K, used 10208K [0x00000000d8180000, 0x00000000e0d80000, 0x0000000100000000)
  eden space 122368K, 0% used [0x00000000d8180000,0x00000000d8180000,0x00000000df900000)
  from space 10240K, 99% used [0x00000000df900000,0x00000000e02f8030,0x00000000e0300000)
  to   space 9728K, 0% used [0x00000000e0300000,0x00000000e0300000,0x00000000e0c80000)
 ParOldGen       total 81920K, used 16451K [0x0000000088400000, 0x000000008d400000, 0x00000000d8180000)
  object space 81920K, 20% used [0x0000000088400000,0x0000000089410e48,0x000000008d400000)
 Metaspace       used 20780K, capacity 21146K, committed 21296K, reserved 1069056K
  class space    used 2429K, capacity 2609K, committed 2688K, reserved 1048576K
GC Heap History (10 events):
Event: 1.206 GC heap after
Heap after GC invocations=2 (full 0):
 PSYoungGen      total 35840K, used 5097K [0x00000000d8180000, 0x00000000dc780000, 0x0000000100000000)
  eden space 30720K, 0% used [0x00000000d8180000,0x00000000d8180000,0x00000000d9f80000)
  from space 5120K, 99% used [0x00000000da480000,0x00000000da97a528,0x00000000da980000)
  to   space 5120K, 0% used [0x00000000d9f80000,0x00000000d9f80000,0x00000000da480000)
 ParOldGen       total 81920K, used 1178K [0x0000000088400000, 0x000000008d400000, 0x00000000d8180000)
  object space 81920K, 1% used [0x0000000088400000,0x0000000088526948,0x000000008d400000)
 Metaspace       used 11072K, capacity 11258K, committed 11520K, reserved 1058816K
  class space    used 1369K, capacity 1475K, committed 1536K, reserved 1048576K
}
Event: 1.814 GC heap before
{Heap before GC invocations=3 (full 0):
 PSYoungGen      total 35840K, used 35817K [0x00000000d8180000, 0x00000000dc780000, 0x0000000100000000)
  eden space 30720K, 100% used [0x00000000d8180000,0x00000000d9f80000,0x00000000d9f80000)
  from space 5120K, 99% used [0x00000000da480000,0x00000000da97a528,0x00000000da980000)
  to   space 5120K, 0% used [0x00000000d9f80000,0x00000000d9f80000,0x00000000da480000)
 ParOldGen       total 81920K, used 1178K [0x0000000088400000, 0x000000008d400000, 0x00000000d8180000)
  object space 81920K, 1% used [0x0000000088400000,0x0000000088526948,0x000000008d400000)
 Metaspace       used 14832K, capacity 15022K, committed 15232K, reserved 1062912K
  class space    used 1817K, capacity 1905K, committed 1920K, reserved 1048576K
Event: 1.821 GC heap after
Heap after GC invocations=3 (full 0):
 PSYoungGen      total 35840K, used 5088K [0x00000000d8180000, 0x00000000dc780000, 0x0000000100000000)
  eden space 30720K, 0% used [0x00000000d8180000,0x00000000d8180000,0x00000000d9f80000)
  from space 5120K, 99% used [0x00000000d9f80000,0x00000000da478040,0x00000000da480000)
  to   space 5120K, 0% used [0x00000000dc280000,0x00000000dc280000,0x00000000dc780000)
 ParOldGen       total 81920K, used 3265K [0x0000000088400000, 0x000000008d400000, 0x00000000d8180000)
  object space 81920K, 3% used [0x0000000088400000,0x0000000088730658,0x000000008d400000)
 Metaspace       used 14832K, capacity 15022K, committed 15232K, reserved 1062912K
  class space    used 1817K, capacity 1905K, committed 1920K, reserved 1048576K
}
Event: 2.260 GC heap before
{Heap before GC invocations=4 (full 0):
 PSYoungGen      total 35840K, used 35808K [0x00000000d8180000, 0x00000000dc780000, 0x0000000100000000)
  eden space 30720K, 100% used [0x00000000d8180000,0x00000000d9f80000,0x00000000d9f80000)
  from space 5120K, 99% used [0x00000000d9f80000,0x00000000da478040,0x00000000da480000)
  to   space 5120K, 0% used [0x00000000dc280000,0x00000000dc280000,0x00000000dc780000)
 ParOldGen       total 81920K, used 3265K [0x0000000088400000, 0x000000008d400000, 0x00000000d8180000)
  object space 81920K, 3% used [0x0000000088400000,0x0000000088730658,0x000000008d400000)
 Metaspace       used 15246K, capacity 15520K, committed 15872K, reserved 1062912K
  class space    used 1843K, capacity 1940K, committed 2048K, reserved 1048576K
Event: 2.269 GC heap after
Heap after GC invocations=4 (full 0):
 PSYoungGen      total 66560K, used 5104K [0x00000000d8180000, 0x00000000dc780000, 0x0000000100000000)
  eden space 61440K, 0% used [0x00000000d8180000,0x00000000d8180000,0x00000000dbd80000)
  from space 5120K, 99% used [0x00000000dc280000,0x00000000dc77c030,0x00000000dc780000)
  to   space 5120K, 0% used [0x00000000dbd80000,0x00000000dbd80000,0x00000000dc280000)
 ParOldGen       total 81920K, used 5335K [0x0000000088400000, 0x000000008d400000, 0x00000000d8180000)
  object space 81920K, 6% used [0x0000000088400000,0x0000000088935f88,0x000000008d400000)
 Metaspace       used 15246K, capacity 15520K, committed 15872K, reserved 1062912K
  class space    used 1843K, capacity 1940K, committed 2048K, reserved 1048576K
}
Event: 2.977 GC heap before
{Heap before GC invocations=5 (full 0):
 PSYoungGen      total 66560K, used 66544K [0x00000000d8180000, 0x00000000dc780000, 0x0000000100000000)
  eden space 61440K, 100% used [0x00000000d8180000,0x00000000dbd80000,0x00000000dbd80000)
  from space 5120K, 99% used [0x00000000dc280000,0x00000000dc77c030,0x00000000dc780000)
  to   space 5120K, 0% used [0x00000000dbd80000,0x00000000dbd80000,0x00000000dc280000)
 ParOldGen       total 81920K, used 5335K [0x0000000088400000, 0x000000008d400000, 0x00000000d8180000)
  object space 81920K, 6% used [0x0000000088400000,0x0000000088935f88,0x000000008d400000)
 Metaspace       used 15706K, capacity 15934K, committed 16128K, reserved 1062912K
  class space    used 1849K, capacity 1945K, committed 2048K, reserved 1048576K
Event: 3.003 GC heap after
Heap after GC invocations=5 (full 0):
 PSYoungGen      total 66560K, used 5104K [0x00000000d8180000, 0x00000000e0c80000, 0x0000000100000000)
  eden space 61440K, 0% used [0x00000000d8180000,0x00000000d8180000,0x00000000dbd80000)
  from space 5120K, 99% used [0x00000000dbd80000,0x00000000dc27c010,0x00000000dc280000)
  to   space 9728K, 0% used [0x00000000e0300000,0x00000000e0300000,0x00000000e0c80000)
 ParOldGen       total 81920K, used 8788K [0x0000000088400000, 0x000000008d400000, 0x00000000d8180000)
  object space 81920K, 10% used [0x0000000088400000,0x0000000088c953c0,0x000000008d400000)
 Metaspace       used 15706K, capacity 15934K, committed 16128K, reserved 1062912K
  class space    used 1849K, capacity 1945K, committed 2048K, reserved 1048576K
}
Event: 3.647 GC heap before
{Heap before GC invocations=6 (full 0):
 PSYoungGen      total 66560K, used 66544K [0x00000000d8180000, 0x00000000e0c80000, 0x0000000100000000)
  eden space 61440K, 100% used [0x00000000d8180000,0x00000000dbd80000,0x00000000dbd80000)
  from space 5120K, 99% used [0x00000000dbd80000,0x00000000dc27c010,0x00000000dc280000)
  to   space 9728K, 0% used [0x00000000e0300000,0x00000000e0300000,0x00000000e0c80000)
 ParOldGen       total 81920K, used 8788K [0x0000000088400000, 0x000000008d400000, 0x00000000d8180000)
  object space 81920K, 10% used [0x0000000088400000,0x0000000088c953c0,0x000000008d400000)
 Metaspace       used 16017K, capacity 16260K, committed 16384K, reserved 1062912K
  class space    used 1852K, capacity 1946K, committed 2048K, reserved 1048576K
Event: 3.667 GC heap after
Heap after GC invocations=6 (full 0):
 PSYoungGen      total 132096K, used 8768K [0x00000000d8180000, 0x00000000e0d80000, 0x0000000100000000)
  eden space 122368K, 0% used [0x00000000d8180000,0x00000000d8180000,0x00000000df900000)
  from space 9728K, 90% used [0x00000000e0300000,0x00000000e0b90000,0x00000000e0c80000)
  to   space 10240K, 0% used [0x00000000df900000,0x00000000df900000,0x00000000e0300000)
 ParOldGen       total 81920K, used 8796K [0x0000000088400000, 0x000000008d400000, 0x00000000d8180000)
  object space 81920K, 10% used [0x0000000088400000,0x0000000088c973c0,0x000000008d400000)
 Metaspace       used 16017K, capacity 16260K, committed 16384K, reserved 1062912K
  class space    used 1852K, capacity 1946K, committed 2048K, reserved 1048576K
}
Event: 6.307 GC heap before
{Heap before GC invocations=7 (full 0):
 PSYoungGen      total 132096K, used 104806K [0x00000000d8180000, 0x00000000e0d80000, 0x0000000100000000)
  eden space 122368K, 78% used [0x00000000d8180000,0x00000000ddf49938,0x00000000df900000)
  from space 9728K, 90% used [0x00000000e0300000,0x00000000e0b90000,0x00000000e0c80000)
  to   space 10240K, 0% used [0x00000000df900000,0x00000000df900000,0x00000000e0300000)
 ParOldGen       total 81920K, used 8796K [0x0000000088400000, 0x000000008d400000, 0x00000000d8180000)
  object space 81920K, 10% used [0x0000000088400000,0x0000000088c973c0,0x000000008d400000)
 Metaspace       used 20780K, capacity 21146K, committed 21296K, reserved 1069056K
  class space    used 2429K, capacity 2609K, committed 2688K, reserved 1048576K

